\BOOKMARK [0][-]{chapter.1}{Introduction}{}% 1
\BOOKMARK [0][-]{chapter.2}{Prediction}{}% 2
\BOOKMARK [1][-]{section.2.1}{ Time Series}{chapter.2}% 3
\BOOKMARK [1][-]{section.2.2}{ Prediction}{chapter.2}% 4
\BOOKMARK [1][-]{section.2.3}{ Prediction Horizon}{chapter.2}% 5
\BOOKMARK [0][-]{chapter.3}{Artificial Neural Networks}{}% 6
\BOOKMARK [1][-]{section.3.1}{ Artificial Neuron}{chapter.3}% 7
\BOOKMARK [1][-]{section.3.2}{ Feedforward Neural Networks}{chapter.3}% 8
\BOOKMARK [2][-]{subsection.3.2.1}{ Backpropagation}{section.3.2}% 9
\BOOKMARK [2][-]{subsection.3.2.2}{ Time-Delay Neural Networks}{section.3.2}% 10
\BOOKMARK [1][-]{section.3.3}{ Recurrent Neural Networks}{chapter.3}% 11
\BOOKMARK [2][-]{subsection.3.3.1}{ Elman's Simple Recurrent Network}{section.3.3}% 12
\BOOKMARK [2][-]{subsection.3.3.2}{ Backpropagation Through Time}{section.3.3}% 13
\BOOKMARK [2][-]{subsection.3.3.3}{ Truncated Backpropagation Through Time}{section.3.3}% 14
\BOOKMARK [2][-]{subsection.3.3.4}{ Real-Time Recurrent Learning}{section.3.3}% 15
\BOOKMARK [1][-]{section.3.4}{ Clockwork Recurrent Network}{chapter.3}% 16
\BOOKMARK [0][-]{chapter.4}{Implementation}{}% 17
\BOOKMARK [1][-]{section.4.1}{ Neural Prediction Library}{chapter.4}% 18
\BOOKMARK [2][-]{subsection.4.1.1}{ Data Manipulation}{section.4.1}% 19
\BOOKMARK [2][-]{subsection.4.1.2}{ Neural Networks}{section.4.1}% 20
\BOOKMARK [2][-]{subsection.4.1.3}{ Learning Algorithms}{section.4.1}% 21
\BOOKMARK [1][-]{section.4.2}{ Network Monitor}{chapter.4}% 22
\BOOKMARK [1][-]{section.4.3}{ Robotic Arm Simulator}{chapter.4}% 23
\BOOKMARK [0][-]{chapter.5}{Experiments}{}% 24
\BOOKMARK [1][-]{section.5.1}{ Testing Scenarios}{chapter.5}% 25
\BOOKMARK [2][-]{subsection.5.1.1}{ Goniometric function}{section.5.1}% 26
\BOOKMARK [2][-]{subsection.5.1.2}{ Network Usage}{section.5.1}% 27
\BOOKMARK [2][-]{subsection.5.1.3}{ Robotic Arm}{section.5.1}% 28
\BOOKMARK [1][-]{section.5.2}{ Tested Methods}{chapter.5}% 29
\BOOKMARK [2][-]{subsection.5.2.1}{ Time Delay Neural Network}{section.5.2}% 30
\BOOKMARK [2][-]{subsection.5.2.2}{ SRN trained by TBPTT}{section.5.2}% 31
\BOOKMARK [2][-]{subsection.5.2.3}{ SRN trained by RTRL}{section.5.2}% 32
\BOOKMARK [2][-]{subsection.5.2.4}{ CW-RNN trained by TBPTT}{section.5.2}% 33
\BOOKMARK [0][-]{chapter.6}{Results}{}% 34
\BOOKMARK [1][-]{section.6.1}{ Goniometric Function Results}{chapter.6}% 35
\BOOKMARK [2][-]{subsection.6.1.1}{ Role of TDNN's Sliding Window Size}{section.6.1}% 36
\BOOKMARK [2][-]{subsection.6.1.2}{ Role of TBPTT Unfolding Depth}{section.6.1}% 37
\BOOKMARK [2][-]{subsection.6.1.3}{ Computation Time Tradeoff}{section.6.1}% 38
\BOOKMARK [1][-]{section.6.2}{ Network Usage Results}{chapter.6}% 39
\BOOKMARK [2][-]{subsection.6.2.1}{ Computation Time Tradeoff}{section.6.2}% 40
\BOOKMARK [1][-]{section.6.3}{ Robotic Arm Results}{chapter.6}% 41
\BOOKMARK [2][-]{subsection.6.3.1}{ Role of TDNN's Sliding Window Size}{section.6.3}% 42
\BOOKMARK [2][-]{subsection.6.3.2}{ Role of TBPTT Unfolding Depth}{section.6.3}% 43
\BOOKMARK [2][-]{subsection.6.3.3}{ Computation Time Tradeoff}{section.6.3}% 44
\BOOKMARK [0][-]{chapter.7}{Conclusion}{}% 45
\BOOKMARK [0][-]{appendix.A}{Appendix}{}% 46
\BOOKMARK [1][-]{section.A.1}{ List of attachments}{appendix.A}% 47
