\BOOKMARK [0][-]{chapter.1}{Introduction}{}% 1
\BOOKMARK [0][-]{chapter.2}{Prediction}{}% 2
\BOOKMARK [1][-]{section.2.1}{ Time Series}{chapter.2}% 3
\BOOKMARK [1][-]{section.2.2}{ Prediction}{chapter.2}% 4
\BOOKMARK [1][-]{section.2.3}{ Prediction Horizon}{chapter.2}% 5
\BOOKMARK [1][-]{section.2.4}{ Prediction Chain}{chapter.2}% 6
\BOOKMARK [0][-]{chapter.3}{Artificial Neural Networks}{}% 7
\BOOKMARK [1][-]{section.3.1}{ Artificial Neuron}{chapter.3}% 8
\BOOKMARK [1][-]{section.3.2}{ Feedforward Neural Networks}{chapter.3}% 9
\BOOKMARK [2][-]{subsection.3.2.1}{ Backpropagation}{section.3.2}% 10
\BOOKMARK [1][-]{section.3.3}{ Recurrent Neural Networks}{chapter.3}% 11
\BOOKMARK [2][-]{subsection.3.3.1}{ Elman's Simple Recurrent Network}{section.3.3}% 12
\BOOKMARK [2][-]{subsection.3.3.2}{ Backpropagation Through Time}{section.3.3}% 13
\BOOKMARK [2][-]{subsection.3.3.3}{ Truncated Backpropagation Through Time}{section.3.3}% 14
\BOOKMARK [2][-]{subsection.3.3.4}{ Real-Time Recurrent Learning}{section.3.3}% 15
\BOOKMARK [1][-]{section.3.4}{ Clockwork Recurrent Network}{chapter.3}% 16
\BOOKMARK [0][-]{chapter.4}{Implementation}{}% 17
\BOOKMARK [1][-]{section.4.1}{ Neural Prediction Framework}{chapter.4}% 18
\BOOKMARK [2][-]{subsection.4.1.1}{ Memory Block}{section.4.1}% 19
\BOOKMARK [2][-]{subsection.4.1.2}{ Neural Layer}{section.4.1}% 20
\BOOKMARK [2][-]{subsection.4.1.3}{ Neural Network}{section.4.1}% 21
\BOOKMARK [1][-]{section.4.2}{ Network Monitor}{chapter.4}% 22
\BOOKMARK [1][-]{section.4.3}{ Robotic Simulator}{chapter.4}% 23
\BOOKMARK [0][-]{chapter.5}{Experiments}{}% 24
\BOOKMARK [1][-]{section.5.1}{ Sine Wave}{chapter.5}% 25
\BOOKMARK [2][-]{subsection.5.1.1}{ Role of Learning and Momentum Rate}{section.5.1}% 26
\BOOKMARK [2][-]{subsection.5.1.2}{ Impact of Network Size on Performance}{section.5.1}% 27
\BOOKMARK [1][-]{section.5.2}{ Network Usage}{chapter.5}% 28
\BOOKMARK [1][-]{section.5.3}{ Robotic Manipulator}{chapter.5}% 29
\BOOKMARK [0][-]{chapter.6}{Results}{}% 30
\BOOKMARK [1][-]{section.6.1}{ Trade-offs}{chapter.6}% 31
\BOOKMARK [0][-]{chapter.7}{Conclusion}{}% 32
\BOOKMARK [0][-]{appendix.A}{Appendix}{}% 33
